2020-04-20 16:20:00: == Rename Conflict Losing File is On, expect some weirdness in auto-resolving Vertical Conflicts
2020-04-20 16:20:00: -- Analysis Started by On File Change First Full Analyze Upon File Monitoring Start
2020-04-20 16:20:00: Do Not Propagate Deletions: 1-way deletions reverted: 1
2020-04-20 16:20:00: Changes: 47, Conflicts: 0, CopyTime: 0, FixState: 0, Errors: 0, All: 79
2020-04-20 16:20:00: Left to Right: Copy File: 47 
2020-04-20 16:20:00: == Sync Started by On File Change First Full Analyze Upon File Monitoring Start
2020-04-20 16:20:00: Create Folder 'C:/Users/eddie/OneDrive/Computer Science/Github/Wizard_Quest_git/master_sounds'
2020-04-20 16:20:00: Copy New 'C:/Users/eddie/OneDrive/Computer Science/Love2D Games/Wizard Quest/Wizard_Quest/Books.lua' -> 'C:/Users/eddie/OneDrive/Computer Science/Github/Wizard_Quest_git/Books.lua' (648)
2020-04-20 16:20:00: Copy Over 'C:/Users/eddie/OneDrive/Computer Science/Love2D Games/Wizard Quest/Wizard_Quest/Fireball.lua' -> 'C:/Users/eddie/OneDrive/Computer Science/Github/Wizard_Quest_git/Fireball.lua' (6,584)
2020-04-20 16:20:00: Copy Over 'C:/Users/eddie/OneDrive/Computer Science/Love2D Games/Wizard Quest/Wizard_Quest/Frostray.lua' -> 'C:/Users/eddie/OneDrive/Computer Science/Github/Wizard_Quest_git/Frostray.lua' (3,781)
2020-04-20 16:20:00: Copy Over 'C:/Users/eddie/OneDrive/Computer Science/Love2D Games/Wizard Quest/Wizard_Quest/Items.lua' -> 'C:/Users/eddie/OneDrive/Computer Science/Github/Wizard_Quest_git/Items.lua' (5,958)
2020-04-20 16:20:00: Copy Over 'C:/Users/eddie/OneDrive/Computer Science/Love2D Games/Wizard Quest/Wizard_Quest/main.lua' -> 'C:/Users/eddie/OneDrive/Computer Science/Github/Wizard_Quest_git/main.lua' (5,390)
2020-04-20 16:20:00: Copy Over 'C:/Users/eddie/OneDrive/Computer Science/Love2D Games/Wizard Quest/Wizard_Quest/Map.lua' -> 'C:/Users/eddie/OneDrive/Computer Science/Github/Wizard_Quest_git/Map.lua' (20,455)
2020-04-20 16:20:00: Copy Over 'C:/Users/eddie/OneDrive/Computer Science/Love2D Games/Wizard Quest/Wizard_Quest/Map64.lua' -> 'C:/Users/eddie/OneDrive/Computer Science/Github/Wizard_Quest_git/Map64.lua' (1,714)
2020-04-20 16:20:00: On File Change Monitoring started on file:///~eddie/OneDrive/Computer Science/Love2D Games/Wizard Quest/Wizard_Quest
2020-04-20 16:20:00: On File Change Monitoring started on file:///~eddie/OneDrive/Computer Science/Github/Wizard_Quest_git
2020-04-20 16:20:00: Copy Over 'C:/Users/eddie/OneDrive/Computer Science/Love2D Games/Wizard Quest/Wizard_Quest/master_graphics/Map/glyph1_active.png' -> 'C:/Users/eddie/OneDrive/Computer Science/Github/Wizard_Quest_git/master_graphics/Map/glyph1_active.png' (941,821)
2020-04-20 16:20:00: Copy Over 'C:/Users/eddie/OneDrive/Computer Science/Love2D Games/Wizard Quest/Wizard_Quest/master_graphics/Map/glyph2_active.png' -> 'C:/Users/eddie/OneDrive/Computer Science/Github/Wizard_Quest_git/master_graphics/Map/glyph2_active.png' (763,176)
2020-04-20 16:20:00: Copy New 'C:/Users/eddie/OneDrive/Computer Science/Love2D Games/Wizard Quest/Wizard_Quest/master_graphics/Map/glyph3.png' -> 'C:/Users/eddie/OneDrive/Computer Science/Github/Wizard_Quest_git/master_graphics/Map/glyph3.png' (479,716)
2020-04-20 16:20:00: Copy New 'C:/Users/eddie/OneDrive/Computer Science/Love2D Games/Wizard Quest/Wizard_Quest/master_graphics/Map/glyph3_active.png' -> 'C:/Users/eddie/OneDrive/Computer Science/Github/Wizard_Quest_git/master_graphics/Map/glyph3_active.png' (977,774)
2020-04-20 16:20:00: Copy Over 'C:/Users/eddie/OneDrive/Computer Science/Love2D Games/Wizard Quest/Wizard_Quest/master_graphics/Map/Map1_tilesheet3.png' -> 'C:/Users/eddie/OneDrive/Computer Science/Github/Wizard_Quest_git/master_graphics/Map/Map1_tilesheet3.png' (22,105)
2020-04-20 16:20:00: Copy Over 'C:/Users/eddie/OneDrive/Computer Science/Love2D Games/Wizard Quest/Wizard_Quest/master_graphics/Map/Potions.png' -> 'C:/Users/eddie/OneDrive/Computer Science/Github/Wizard_Quest_git/master_graphics/Map/Potions.png' (6,612)
2020-04-20 16:20:00: Copy New 'C:/Users/eddie/OneDrive/Computer Science/Love2D Games/Wizard Quest/Wizard_Quest/master_graphics/Map/Scroll64.png' -> 'C:/Users/eddie/OneDrive/Computer Science/Github/Wizard_Quest_git/master_graphics/Map/Scroll64.png' (5,951)
2020-04-20 16:20:00: Copy Over 'C:/Users/eddie/OneDrive/Computer Science/Love2D Games/Wizard Quest/Wizard_Quest/master_graphics/Wizard_spritesheet.png' -> 'C:/Users/eddie/OneDrive/Computer Science/Github/Wizard_Quest_git/master_graphics/Wizard_spritesheet.png' (6,570)
2020-04-20 16:20:00: Copy New 'C:/Users/eddie/OneDrive/Computer Science/Love2D Games/Wizard Quest/Wizard_Quest/master_sounds/wizard_cast.wav' -> 'C:/Users/eddie/OneDrive/Computer Science/Github/Wizard_Quest_git/master_sounds/wizard_cast.wav' (258,820)
2020-04-20 16:20:00: Copy New 'C:/Users/eddie/OneDrive/Computer Science/Love2D Games/Wizard Quest/Wizard_Quest/master_sounds/wizard_hit1.wav' -> 'C:/Users/eddie/OneDrive/Computer Science/Github/Wizard_Quest_git/master_sounds/wizard_hit1.wav' (276,850)
2020-04-20 16:20:00: Copy New 'C:/Users/eddie/OneDrive/Computer Science/Love2D Games/Wizard Quest/Wizard_Quest/master_sounds/wizard_hit2.wav' -> 'C:/Users/eddie/OneDrive/Computer Science/Github/Wizard_Quest_git/master_sounds/wizard_hit2.wav' (276,850)
2020-04-20 16:20:00: Copy New 'C:/Users/eddie/OneDrive/Computer Science/Love2D Games/Wizard Quest/Wizard_Quest/master_sounds/wizard_hit3.wav' -> 'C:/Users/eddie/OneDrive/Computer Science/Github/Wizard_Quest_git/master_sounds/wizard_hit3.wav' (276,850)
2020-04-20 16:20:00: Copy New 'C:/Users/eddie/OneDrive/Computer Science/Love2D Games/Wizard Quest/Wizard_Quest/master_sounds/wizard_nocast.wav' -> 'C:/Users/eddie/OneDrive/Computer Science/Github/Wizard_Quest_git/master_sounds/wizard_nocast.wav' (258,820)
2020-04-20 16:20:00: Copy New 'C:/Users/eddie/OneDrive/Computer Science/Love2D Games/Wizard Quest/Wizard_Quest/master_sounds/wizard_ooh1.wav' -> 'C:/Users/eddie/OneDrive/Computer Science/Github/Wizard_Quest_git/master_sounds/wizard_ooh1.wav' (276,850)
2020-04-20 16:20:00: Copy New 'C:/Users/eddie/OneDrive/Computer Science/Love2D Games/Wizard Quest/Wizard_Quest/master_sounds/wizard_ooh2.wav' -> 'C:/Users/eddie/OneDrive/Computer Science/Github/Wizard_Quest_git/master_sounds/wizard_ooh2.wav' (276,850)
2020-04-20 16:20:00: Copy New 'C:/Users/eddie/OneDrive/Computer Science/Love2D Games/Wizard Quest/Wizard_Quest/master_sounds/WQ_fireball.wav' -> 'C:/Users/eddie/OneDrive/Computer Science/Github/Wizard_Quest_git/master_sounds/WQ_fireball.wav' (299,902)
2020-04-20 16:20:00: Copy New 'C:/Users/eddie/OneDrive/Computer Science/Love2D Games/Wizard Quest/Wizard_Quest/master_sounds/WQ_firecharge.wav' -> 'C:/Users/eddie/OneDrive/Computer Science/Github/Wizard_Quest_git/master_sounds/WQ_firecharge.wav' (1,137,292)
2020-04-20 16:20:00: Copy New 'C:/Users/eddie/OneDrive/Computer Science/Love2D Games/Wizard Quest/Wizard_Quest/master_sounds/WQ_firecharge_big.wav' -> 'C:/Users/eddie/OneDrive/Computer Science/Github/Wizard_Quest_git/master_sounds/WQ_firecharge_big.wav' (1,028,668)
2020-04-20 16:20:00: Copy New 'C:/Users/eddie/OneDrive/Computer Science/Love2D Games/Wizard Quest/Wizard_Quest/master_sounds/WQ_firehit.wav' -> 'C:/Users/eddie/OneDrive/Computer Science/Github/Wizard_Quest_git/master_sounds/WQ_firehit.wav' (214,228)
2020-04-20 16:20:00: Copy New 'C:/Users/eddie/OneDrive/Computer Science/Love2D Games/Wizard Quest/Wizard_Quest/master_sounds/WQ_frostray.wav' -> 'C:/Users/eddie/OneDrive/Computer Science/Github/Wizard_Quest_git/master_sounds/WQ_frostray.wav' (1,143,964)
2020-04-20 16:20:00: Copy New 'C:/Users/eddie/OneDrive/Computer Science/Love2D Games/Wizard Quest/Wizard_Quest/master_sounds/WQ_knock.wav' -> 'C:/Users/eddie/OneDrive/Computer Science/Github/Wizard_Quest_git/master_sounds/WQ_knock.wav' (156,208)
2020-04-20 16:20:00: Copy New 'C:/Users/eddie/OneDrive/Computer Science/Love2D Games/Wizard Quest/Wizard_Quest/master_sounds/WQ_magic1.wav' -> 'C:/Users/eddie/OneDrive/Computer Science/Github/Wizard_Quest_git/master_sounds/WQ_magic1.wav' (716,638)
2020-04-20 16:20:00: Copy New 'C:/Users/eddie/OneDrive/Computer Science/Love2D Games/Wizard Quest/Wizard_Quest/master_sounds/WQ_magic_hit1.wav' -> 'C:/Users/eddie/OneDrive/Computer Science/Github/Wizard_Quest_git/master_sounds/WQ_magic_hit1.wav' (395,092)
2020-04-20 16:20:00: Copy New 'C:/Users/eddie/OneDrive/Computer Science/Love2D Games/Wizard Quest/Wizard_Quest/master_sounds/WQ_magic_hit2.wav' -> 'C:/Users/eddie/OneDrive/Computer Science/Github/Wizard_Quest_git/master_sounds/WQ_magic_hit2.wav' (395,092)
2020-04-20 16:20:00: Copy New 'C:/Users/eddie/OneDrive/Computer Science/Love2D Games/Wizard Quest/Wizard_Quest/master_sounds/WQ_magic_hit3.wav' -> 'C:/Users/eddie/OneDrive/Computer Science/Github/Wizard_Quest_git/master_sounds/WQ_magic_hit3.wav' (395,092)
2020-04-20 16:20:00: Copy New 'C:/Users/eddie/OneDrive/Computer Science/Love2D Games/Wizard Quest/Wizard_Quest/master_sounds/WQ_magic_hit4.wav' -> 'C:/Users/eddie/OneDrive/Computer Science/Github/Wizard_Quest_git/master_sounds/WQ_magic_hit4.wav' (395,092)
2020-04-20 16:20:00: Copy New 'C:/Users/eddie/OneDrive/Computer Science/Love2D Games/Wizard Quest/Wizard_Quest/master_sounds/WQ_magic_hit5.wav' -> 'C:/Users/eddie/OneDrive/Computer Science/Github/Wizard_Quest_git/master_sounds/WQ_magic_hit5.wav' (395,092)
2020-04-20 16:20:00: Copy New 'C:/Users/eddie/OneDrive/Computer Science/Love2D Games/Wizard Quest/Wizard_Quest/master_sounds/WQ_magic_hit_chord.wav' -> 'C:/Users/eddie/OneDrive/Computer Science/Github/Wizard_Quest_git/master_sounds/WQ_magic_hit_chord.wav' (395,092)
2020-04-20 16:20:00: Copy New 'C:/Users/eddie/OneDrive/Computer Science/Love2D Games/Wizard Quest/Wizard_Quest/master_sounds/WQ_nocast.wav' -> 'C:/Users/eddie/OneDrive/Computer Science/Github/Wizard_Quest_git/master_sounds/WQ_nocast.wav' (247,438)
2020-04-20 16:20:00: Copy New 'C:/Users/eddie/OneDrive/Computer Science/Love2D Games/Wizard Quest/Wizard_Quest/master_sounds/WQ_portcullis.wav' -> 'C:/Users/eddie/OneDrive/Computer Science/Github/Wizard_Quest_git/master_sounds/WQ_portcullis.wav' (429,616)
2020-04-20 16:20:00: Copy New 'C:/Users/eddie/OneDrive/Computer Science/Love2D Games/Wizard Quest/Wizard_Quest/master_sounds/WQ_potion_cork.wav' -> 'C:/Users/eddie/OneDrive/Computer Science/Github/Wizard_Quest_git/master_sounds/WQ_potion_cork.wav' (540,298)
2020-04-20 16:20:00: Copy New 'C:/Users/eddie/OneDrive/Computer Science/Love2D Games/Wizard Quest/Wizard_Quest/master_sounds/WQ_potion_cork2.wav' -> 'C:/Users/eddie/OneDrive/Computer Science/Github/Wizard_Quest_git/master_sounds/WQ_potion_cork2.wav' (540,298)
2020-04-20 16:20:00: Copy New 'C:/Users/eddie/OneDrive/Computer Science/Love2D Games/Wizard Quest/Wizard_Quest/master_sounds/WQ_potion_cork3.wav' -> 'C:/Users/eddie/OneDrive/Computer Science/Github/Wizard_Quest_git/master_sounds/WQ_potion_cork3.wav' (211,750)
2020-04-20 16:20:00: Copy New 'C:/Users/eddie/OneDrive/Computer Science/Love2D Games/Wizard Quest/Wizard_Quest/master_sounds/WQ_potiongone.wav' -> 'C:/Users/eddie/OneDrive/Computer Science/Github/Wizard_Quest_git/master_sounds/WQ_potiongone.wav' (131,620)
2020-04-20 16:20:00: Copy New 'C:/Users/eddie/OneDrive/Computer Science/Love2D Games/Wizard Quest/Wizard_Quest/master_sounds/WQ_scroll.wav' -> 'C:/Users/eddie/OneDrive/Computer Science/Github/Wizard_Quest_git/master_sounds/WQ_scroll.wav' (156,208)
2020-04-20 16:20:00: Copy New 'C:/Users/eddie/OneDrive/Computer Science/Love2D Games/Wizard Quest/Wizard_Quest/master_sounds/WQ_tile1.wav' -> 'C:/Users/eddie/OneDrive/Computer Science/Github/Wizard_Quest_git/master_sounds/WQ_tile1.wav' (156,208)
2020-04-20 16:20:00: Copy New 'C:/Users/eddie/OneDrive/Computer Science/Love2D Games/Wizard Quest/Wizard_Quest/master_sounds/WQ_tile2.wav' -> 'C:/Users/eddie/OneDrive/Computer Science/Github/Wizard_Quest_git/master_sounds/WQ_tile2.wav' (156,208)
2020-04-20 16:20:00: Copy New 'C:/Users/eddie/OneDrive/Computer Science/Love2D Games/Wizard Quest/Wizard_Quest/master_sounds/WQ_tile3.wav' -> 'C:/Users/eddie/OneDrive/Computer Science/Github/Wizard_Quest_git/master_sounds/WQ_tile3.wav' (112,678)
2020-04-20 16:20:00: Copy Over 'C:/Users/eddie/OneDrive/Computer Science/Love2D Games/Wizard Quest/Wizard_Quest/Wizard.lua' -> 'C:/Users/eddie/OneDrive/Computer Science/Github/Wizard_Quest_git/Wizard.lua' (30,659)
2020-04-20 16:20:00: == Sync Complete. Time: 00:00:00, Speed: 0.00/s, OK: 47, Errors: 0
2020-04-20 16:20:00: 
